# JRE version: Java(TM) SE Runtime Environment (8.0_121-b13) (build 1.8.0_121-b13)
# Java VM: Java HotSpot(TM) 64-Bit Server VM (25.121-b13 mixed mode windows-amd64 compressed oops)
Heap:
 PSYoungGen      total 142336K, used 11197K [0x00000000eab00000, 0x00000000f5480000, 0x0000000100000000)
  eden space 118784K, 9% used [0x00000000eab00000,0x00000000eb5ef5d0,0x00000000f1f00000)
  from space 23552K, 0% used [0x00000000f3880000,0x00000000f3880000,0x00000000f4f80000)
  to   space 26112K, 0% used [0x00000000f1f00000,0x00000000f1f00000,0x00000000f3880000)
 ParOldGen       total 71168K, used 35865K [0x00000000c0000000, 0x00000000c4580000, 0x00000000eab00000)
  object space 71168K, 50% used [0x00000000c0000000,0x00000000c2306540,0x00000000c4580000)
 Metaspace       used 49910K, capacity 51332K, committed 51456K, reserved 1093632K
  class space    used 6539K, capacity 6869K, committed 6912K, reserved 1048576K
GC Heap History (10 events):
Event: 315.219 GC heap before
{Heap before GC invocations=23 (full 2):
 PSYoungGen      total 124416K, used 124385K [0x00000000eab00000, 0x00000000f3c00000, 0x0000000100000000)
  eden space 108544K, 100% used [0x00000000eab00000,0x00000000f1500000,0x00000000f1500000)
  from space 15872K, 99% used [0x00000000f2780000,0x00000000f36f8460,0x00000000f3700000)
  to   space 18944K, 0% used [0x00000000f1500000,0x00000000f1500000,0x00000000f2780000)
 ParOldGen       total 71168K, used 28586K [0x00000000c0000000, 0x00000000c4580000, 0x00000000eab00000)
  object space 71168K, 40% used [0x00000000c0000000,0x00000000c1bea8f8,0x00000000c4580000)
 Metaspace       used 46622K, capacity 47936K, committed 48000K, reserved 1091584K
  class space    used 6115K, capacity 6483K, committed 6528K, reserved 1048576K
Event: 315.276 GC heap after
Heap after GC invocations=23 (full 2):
 PSYoungGen      total 127488K, used 14945K [0x00000000eab00000, 0x00000000f5000000, 0x0000000100000000)
  eden space 108544K, 0% used [0x00000000eab00000,0x00000000eab00000,0x00000000f1500000)
  from space 18944K, 78% used [0x00000000f1500000,0x00000000f2398480,0x00000000f2780000)
  to   space 20480K, 0% used [0x00000000f3c00000,0x00000000f3c00000,0x00000000f5000000)
 ParOldGen       total 71168K, used 29630K [0x00000000c0000000, 0x00000000c4580000, 0x00000000eab00000)
  object space 71168K, 41% used [0x00000000c0000000,0x00000000c1cef908,0x00000000c4580000)
 Metaspace       used 46622K, capacity 47936K, committed 48000K, reserved 1091584K
  class space    used 6115K, capacity 6483K, committed 6528K, reserved 1048576K
}
Event: 346.312 GC heap before
{Heap before GC invocations=24 (full 2):
 PSYoungGen      total 127488K, used 123489K [0x00000000eab00000, 0x00000000f5000000, 0x0000000100000000)
  eden space 108544K, 100% used [0x00000000eab00000,0x00000000f1500000,0x00000000f1500000)
  from space 18944K, 78% used [0x00000000f1500000,0x00000000f2398480,0x00000000f2780000)
  to   space 20480K, 0% used [0x00000000f3c00000,0x00000000f3c00000,0x00000000f5000000)
 ParOldGen       total 71168K, used 29630K [0x00000000c0000000, 0x00000000c4580000, 0x00000000eab00000)
  object space 71168K, 41% used [0x00000000c0000000,0x00000000c1cef908,0x00000000c4580000)
 Metaspace       used 46630K, capacity 47936K, committed 48000K, reserved 1091584K
  class space    used 6115K, capacity 6483K, committed 6528K, reserved 1048576K
Event: 346.352 GC heap after
Heap after GC invocations=24 (full 2):
 PSYoungGen      total 145920K, used 14657K [0x00000000eab00000, 0x00000000f5080000, 0x0000000100000000)
  eden space 125440K, 0% used [0x00000000eab00000,0x00000000eab00000,0x00000000f2580000)
  from space 20480K, 71% used [0x00000000f3c00000,0x00000000f4a50460,0x00000000f5000000)
  to   space 22016K, 0% used [0x00000000f2580000,0x00000000f2580000,0x00000000f3b00000)
 ParOldGen       total 71168K, used 29638K [0x00000000c0000000, 0x00000000c4580000, 0x00000000eab00000)
  object space 71168K, 41% used [0x00000000c0000000,0x00000000c1cf1908,0x00000000c4580000)
 Metaspace       used 46630K, capacity 47936K, committed 48000K, reserved 1091584K
  class space    used 6115K, capacity 6483K, committed 6528K, reserved 1048576K
}
Event: 385.033 GC heap before
{Heap before GC invocations=25 (full 2):
 PSYoungGen      total 145920K, used 140097K [0x00000000eab00000, 0x00000000f5080000, 0x0000000100000000)
  eden space 125440K, 100% used [0x00000000eab00000,0x00000000f2580000,0x00000000f2580000)
  from space 20480K, 71% used [0x00000000f3c00000,0x00000000f4a50460,0x00000000f5000000)
  to   space 22016K, 0% used [0x00000000f2580000,0x00000000f2580000,0x00000000f3b00000)
 ParOldGen       total 71168K, used 29638K [0x00000000c0000000, 0x00000000c4580000, 0x00000000eab00000)
  object space 71168K, 41% used [0x00000000c0000000,0x00000000c1cf1908,0x00000000c4580000)
 Metaspace       used 47501K, capacity 48822K, committed 48896K, reserved 1091584K
  class space    used 6236K, capacity 6587K, committed 6656K, reserved 1048576K
Event: 385.072 GC heap after
Heap after GC invocations=25 (full 2):
 PSYoungGen      total 138240K, used 16414K [0x00000000eab00000, 0x00000000f4f80000, 0x0000000100000000)
  eden space 121344K, 0% used [0x00000000eab00000,0x00000000eab00000,0x00000000f2180000)
  from space 16896K, 97% used [0x00000000f2580000,0x00000000f3587828,0x00000000f3600000)
  to   space 23552K, 0% used [0x00000000f3880000,0x00000000f3880000,0x00000000f4f80000)
 ParOldGen       total 71168K, used 29646K [0x00000000c0000000, 0x00000000c4580000, 0x00000000eab00000)
  object space 71168K, 41% used [0x00000000c0000000,0x00000000c1cf3908,0x00000000c4580000)
 Metaspace       used 47501K, capacity 48822K, committed 48896K, reserved 1091584K
  class space    used 6236K, capacity 6587K, committed 6656K, reserved 1048576K
}
Event: 404.472 GC heap before
{Heap before GC invocations=26 (full 2):
 PSYoungGen      total 138240K, used 113780K [0x00000000eab00000, 0x00000000f4f80000, 0x0000000100000000)
  eden space 121344K, 80% used [0x00000000eab00000,0x00000000f0a158a0,0x00000000f2180000)
  from space 16896K, 97% used [0x00000000f2580000,0x00000000f3587828,0x00000000f3600000)
  to   space 23552K, 0% used [0x00000000f3880000,0x00000000f3880000,0x00000000f4f80000)
 ParOldGen       total 71168K, used 29646K [0x00000000c0000000, 0x00000000c4580000, 0x00000000eab00000)
  object space 71168K, 41% used [0x00000000c0000000,0x00000000c1cf3908,0x00000000c4580000)
 Metaspace       used 49780K, capacity 51204K, committed 51456K, reserved 1093632K
  class space    used 6532K, capacity 6889K, committed 6912K, reserved 1048576K
Event: 404.525 GC heap after
Heap after GC invocations=26 (full 2):
 PSYoungGen      total 142336K, used 20451K [0x00000000eab00000, 0x00000000f5480000, 0x0000000100000000)
  eden space 118784K, 0% used [0x00000000eab00000,0x00000000eab00000,0x00000000f1f00000)
  from space 23552K, 86% used [0x00000000f3880000,0x00000000f4c78f98,0x00000000f4f80000)
  to   space 26112K, 0% used [0x00000000f1f00000,0x00000000f1f00000,0x00000000f3880000)
 ParOldGen       total 71168K, used 29654K [0x00000000c0000000, 0x00000000c4580000, 0x00000000eab00000)
  object space 71168K, 41% used [0x00000000c0000000,0x00000000c1cf5908,0x00000000c4580000)
 Metaspace       used 49780K, capacity 51204K, committed 51456K, reserved 1093632K
  class space    used 6532K, capacity 6889K, committed 6912K, reserved 1048576K
}
Event: 404.525 GC heap before
{Heap before GC invocations=27 (full 3):
 PSYoungGen      total 142336K, used 20451K [0x00000000eab00000, 0x00000000f5480000, 0x0000000100000000)
  eden space 118784K, 0% used [0x00000000eab00000,0x00000000eab00000,0x00000000f1f00000)
  from space 23552K, 86% used [0x00000000f3880000,0x00000000f4c78f98,0x00000000f4f80000)
  to   space 26112K, 0% used [0x00000000f1f00000,0x00000000f1f00000,0x00000000f3880000)
 ParOldGen       total 71168K, used 29654K [0x00000000c0000000, 0x00000000c4580000, 0x00000000eab00000)
  object space 71168K, 41% used [0x00000000c0000000,0x00000000c1cf5908,0x00000000c4580000)
 Metaspace       used 49780K, capacity 51204K, committed 51456K, reserved 1093632K
  class space    used 6532K, capacity 6889K, committed 6912K, reserved 1048576K
Event: 405.072 GC heap after
Heap after GC invocations=27 (full 3):
 PSYoungGen      total 142336K, used 0K [0x00000000eab00000, 0x00000000f5480000, 0x0000000100000000)
  eden space 118784K, 0% used [0x00000000eab00000,0x00000000eab00000,0x00000000f1f00000)
  from space 23552K, 0% used [0x00000000f3880000,0x00000000f3880000,0x00000000f4f80000)
  to   space 26112K, 0% used [0x00000000f1f00000,0x00000000f1f00000,0x00000000f3880000)
 ParOldGen       total 71168K, used 35865K [0x00000000c0000000, 0x00000000c4580000, 0x00000000eab00000)
  object space 71168K, 50% used [0x00000000c0000000,0x00000000c2306540,0x00000000c4580000)
 Metaspace       used 49744K, capacity 51084K, committed 51456K, reserved 1093632K
  class space    used 6522K, capacity 6849K, committed 6912K, reserved 1048576K
}

